Arguments: 
  C:\Users\charl\AppData\Local\nvs\default\node.exe C:\Users\charl\.yarn\releases\yarn-1.23.0-20210726.1745.cjs build

PATH: 
  C:\Windows\system32;C:\Windows;C:\Windows\System32\Wbem;C:\Windows\System32\WindowsPowerShell\v1.0\;C:\Windows\System32\OpenSSH\;C:\Program Files (x86)\IVI Foundation\VISA\WinNT\Bin;D:\code\coding\Git\cmd;C:\Users\charl\AppData\Local\Microsoft\WindowsApps\python.exe;C:\Users\charl\AppData\Local\Packages\PythonSoftwareFoundation.Python.3.9_qbz5n2kfra8p0\LocalCache\local-packages\Python39\Scripts;C:\Users\charl\AppData\Local\Microsoft\WindowsApps;C:\Users\charl\AppData\Roaming\nvm;C:\Program Files\nodejs;C:\Users\charl\AppData\Local\Programs\Python\Python39\Scripts;D:\code\programs\7-Zip;C:\Users\charl\AppData\Local\Programs\Microsoft VS Code;C:\Program Files (x86)\Microsoft Visual Studio\2019\Community\Common7\IDE;C:\Program Files (x86)\Microsoft Visual Studio\2019\Community\VC\Tools\MSVC\14.29.30037\bin\Hostx64\x64;C:\Program Files\Sublime Text;C:\Users\charl\OneDrive\Attachments\Path;D:\code\coding\Python\crawler;C:\Program Files\PostgreSQL\13\bin;C:\Users\charl\AppData\Local\Microsoft\WindowsApps\;C:\Program Files\jq;C:\ProgramData\chocolatey\bin;D:\code\coding\Git\bin;C:\Users\charl\AppData\Local\Programs\Microsoft VS Code Insiders;C:\Users\charl\AppData\Local\Microsoft\WindowsApps;C:\Users\charl\AppData\Roaming\npm;C:\Users\charl\AppData\Local\GitHubDesktop\bin;C:\Users\charl\AppData\Local\Microsoft\WindowsApps\python.exe;C:\Users\charl\AppData\Local\Microsoft\WindowsApps;C:\Users\charl\AppData\Local\atom\bin;C:\Users\charl\AppData\Roaming\nvm;C:\Program Files\nodejs;C:\Users\charl\AppData\Local\Programs\Python\Python39\Scripts;D:\code\programs\7-Zip;C:\Users\charl\AppData\Local\Programs\Microsoft VS Code;C:\Program Files (x86)\Microsoft Visual Studio\2019\Community\Common7\IDE;C:\Program Files (x86)\Microsoft Visual Studio\2019\Community\VC\Tools\MSVC\14.29.30037\bin\Hostx64\x64;C:\Program Files\Sublime Text;C:\Users\charl\OneDrive\Attachments\Path;D:\code\coding\Python\crawler;C:\Users\charl\.fly\bin;C:\Program Files\PostgreSQL\13\bin;C:\Users\charl\AppData\Local\Microsoft\WindowsApps\;C:\Program Files\jq;C:\Users\charl\AppData\Local\nvs\default;C:\Users\charl\AppData\Local\nvs\;C:\Users\charl\AppData\Local\Programs\Microsoft VS Code Insiders\bin;D:\code\coding\Git\bin;C:\Users\charl\AppData\Local\Programs\Microsoft VS Code Insiders;

Yarn version: 
  1.23.0-20210726.1745

Node version: 
  16.8.0

Platform: 
  win32 x64

Trace: 
  SyntaxError: D:\code\coding\Node.js\yarx\package.json: Unexpected string in JSON at position 647
      at JSON.parse (<anonymous>)
      at C:\Users\charl\.yarn\releases\yarn-1.23.0-20210726.1745.cjs:1098:57
      at Generator.next (<anonymous>)
      at step (C:\Users\charl\.yarn\releases\yarn-1.23.0-20210726.1745.cjs:310:30)
      at C:\Users\charl\.yarn\releases\yarn-1.23.0-20210726.1745.cjs:321:13

npm manifest: 
  {
    "name": "tess.js",
    "version": "0.1.0-beta.1",
    "description": "A bunch of JS Utils in one place",
    "author": "Dusty <mrgeek484@gmail.com>",
    "license": "MIT",
    "private": false,
    "devDependencies": {
      "@babel/core": "^7.15.5",
      "@babel/preset-env": "^7.15.6",
      "eslint": "^7.32.0",
      "gulp": "^4.0.2",
      "gulp-babel": "^8.0.0",
      "jest": "^27.2.1",
      "jsdoc": "~3.6.7"
    },
    "main": "dist/cjs/index.js",
    "module": "dist/mjs/index.js",
    "exports": {
      ".": {
        "import": "./dist/mjs/index.js",
        "require": "./dist/cjs/index.js"
      }
    },
    "scripts": {
      "prebuild": "npm run lint && npm run docs"
      "build": "gulp",
      "lint": "eslint .",
      "docs": "jsdoc",
      "test": "jest"
    }
  }

yarn manifest: 
  No manifest

Lockfile: 
  No lockfile
